<?xml version="1.0" encoding="UTF-8"?>
<!-- Generated by org.testng.reporters.JUnitReportReporter -->
<testsuite hostname="DESKTOP-R9GT52Q" failures="0" tests="1" name="com.cocktailexample.cocktailexampletests.InstructionTest" time="0.001" errors="0" timestamp="2022-01-07T14:26:46 GMT" skipped="0">
  <testcase classname="com.cocktailexample.cocktailexampletests.InstructionTest" name="testinstruction" time="0.001"/>
  <system-out/>
</testsuite> <!-- com.cocktailexample.cocktailexampletests.InstructionTest -->
