<?xml version="1.0" encoding="UTF-8"?>
<!-- Generated by org.testng.reporters.JUnitReportReporter -->
<testsuite hostname="DESKTOP-R9GT52Q" failures="0" tests="1" name="com.cocktailexample.cocktailexampletests.IngredientTest" time="0.000" errors="0" timestamp="2022-01-07T12:48:30 GMT" skipped="0">
  <testcase classname="com.cocktailexample.cocktailexampletests.IngredientTest" name="testingredient" time="0.000"/>
  <system-out/>
</testsuite> <!-- com.cocktailexample.cocktailexampletests.IngredientTest -->
