<?xml version="1.0" encoding="UTF-8"?>
<!-- Generated by org.testng.reporters.JUnitReportReporter -->
<testsuite hostname="DESKTOP-R9GT52Q" failures="0" tests="1" name="com.cocktailexample.cocktailexampletests.CocktailinstructionsTest" time="0.010" errors="0" timestamp="2022-01-05T14:22:06 GMT" skipped="0">
  <testcase classname="com.cocktailexample.cocktailexampletests.CocktailinstructionsTest" name="testcocktailinstructions" time="0.010"/>
  <system-out/>
</testsuite> <!-- com.cocktailexample.cocktailexampletests.CocktailinstructionsTest -->
