<?xml version="1.0" encoding="UTF-8"?>
<!-- Generated by org.testng.reporters.JUnitReportReporter -->
<testsuite hostname="DESKTOP-R9GT52Q" failures="0" tests="2" name="com.cocktailexample.cocktailexampletests.MockitoTest" time="1.362" errors="0" timestamp="2022-01-07T14:26:47 GMT" skipped="0">
  <testcase classname="com.cocktailexample.cocktailexampletests.MockitoTest" name="testaddingredient" time="0.681"/>
  <system-out/>
  <testcase classname="com.cocktailexample.cocktailexampletests.MockitoTest" name="testgetAllingreients" time="0.681"/>
  <system-out/>
</testsuite> <!-- com.cocktailexample.cocktailexampletests.MockitoTest -->
