<?xml version="1.0" encoding="UTF-8"?>
<!-- Generated by org.testng.reporters.JUnitReportReporter -->
<testsuite hostname="DESKTOP-R9GT52Q" failures="0" tests="28" name="com.cocktailexample.cocktailexampletests.MockitoTest" time="25.003" errors="0" timestamp="2022-01-10T14:55:57 GMT" skipped="0">
  <testcase classname="com.cocktailexample.cocktailexampletests.MockitoTest" name="testdeletenoingredient" time="0.884"/>
  <system-out/>
  <testcase classname="com.cocktailexample.cocktailexampletests.MockitoTest" name="testdeletenoinstruction" time="0.891"/>
  <system-out/>
  <testcase classname="com.cocktailexample.cocktailexampletests.MockitoTest" name="testdeletenogarnish" time="0.883"/>
  <system-out/>
  <testcase classname="com.cocktailexample.cocktailexampletests.MockitoTest" name="testgetAllcocktailinstructions" time="0.889"/>
  <system-out/>
  <testcase classname="com.cocktailexample.cocktailexampletests.MockitoTest" name="testdeletecocktail" time="0.901"/>
  <system-out/>
  <testcase classname="com.cocktailexample.cocktailexampletests.MockitoTest" name="testgetAllglasses" time="0.897"/>
  <system-out/>
  <testcase classname="com.cocktailexample.cocktailexampletests.MockitoTest" name="testdeletenoglass" time="0.902"/>
  <system-out/>
  <testcase classname="com.cocktailexample.cocktailexampletests.MockitoTest" name="testdeletecocktailinstruction" time="0.882"/>
  <system-out/>
  <testcase classname="com.cocktailexample.cocktailexampletests.MockitoTest" name="testdeleteequipment" time="0.898"/>
  <system-out/>
  <testcase classname="com.cocktailexample.cocktailexampletests.MockitoTest" name="testgetAllcocktails" time="0.890"/>
  <system-out/>
  <testcase classname="com.cocktailexample.cocktailexampletests.MockitoTest" name="testgetAllequipment" time="0.882"/>
  <system-out/>
  <testcase classname="com.cocktailexample.cocktailexampletests.MockitoTest" name="testaddglass" time="0.889"/>
  <system-out/>
  <testcase classname="com.cocktailexample.cocktailexampletests.MockitoTest" name="testgetAllingreients" time="0.895"/>
  <system-out/>
  <testcase classname="com.cocktailexample.cocktailexampletests.MockitoTest" name="testdeletenococktail" time="0.899"/>
  <system-out/>
  <testcase classname="com.cocktailexample.cocktailexampletests.MockitoTest" name="testgetAllinstructions" time="0.899"/>
  <system-out/>
  <testcase classname="com.cocktailexample.cocktailexampletests.MockitoTest" name="testaddgarnish" time="0.903"/>
  <system-out/>
  <testcase classname="com.cocktailexample.cocktailexampletests.MockitoTest" name="testdeleteinstruction" time="0.901"/>
  <system-out/>
  <testcase classname="com.cocktailexample.cocktailexampletests.MockitoTest" name="testaddcocktail" time="0.893"/>
  <system-out/>
  <testcase classname="com.cocktailexample.cocktailexampletests.MockitoTest" name="testdeleteglass" time="0.900"/>
  <system-out/>
  <testcase classname="com.cocktailexample.cocktailexampletests.MockitoTest" name="testaddinstruction" time="0.886"/>
  <system-out/>
  <testcase classname="com.cocktailexample.cocktailexampletests.MockitoTest" name="testaddcocktailinstruction" time="0.889"/>
  <system-out/>
  <testcase classname="com.cocktailexample.cocktailexampletests.MockitoTest" name="testdeletenococktailinstruction" time="0.892"/>
  <system-out/>
  <testcase classname="com.cocktailexample.cocktailexampletests.MockitoTest" name="testdeleteingredient" time="0.896"/>
  <system-out/>
  <testcase classname="com.cocktailexample.cocktailexampletests.MockitoTest" name="testaddequipment" time="0.893"/>
  <system-out/>
  <testcase classname="com.cocktailexample.cocktailexampletests.MockitoTest" name="testdeletenoequipment" time="0.902"/>
  <system-out/>
  <testcase classname="com.cocktailexample.cocktailexampletests.MockitoTest" name="testaddingredient" time="0.885"/>
  <system-out/>
  <testcase classname="com.cocktailexample.cocktailexampletests.MockitoTest" name="testdeletegarnish" time="0.888"/>
  <system-out/>
  <testcase classname="com.cocktailexample.cocktailexampletests.MockitoTest" name="testgetAllgarnish" time="0.894"/>
  <system-out/>
</testsuite> <!-- com.cocktailexample.cocktailexampletests.MockitoTest -->
