<?xml version="1.0" encoding="UTF-8"?>
<!-- Generated by org.testng.reporters.JUnitReportReporter -->
<testsuite hostname="DESKTOP-R9GT52Q" failures="0" tests="28" name="com.cocktailexample.cocktailexampletests.MockitoTest" time="18.471" errors="0" timestamp="2022-01-11T17:58:38 GMT" skipped="0">
  <testcase classname="com.cocktailexample.cocktailexampletests.MockitoTest" name="testaddgarnish" time="0.669"/>
  <system-out/>
  <testcase classname="com.cocktailexample.cocktailexampletests.MockitoTest" name="testdeletenoequipment" time="0.668"/>
  <system-out/>
  <testcase classname="com.cocktailexample.cocktailexampletests.MockitoTest" name="testaddequipment" time="0.659"/>
  <system-out/>
  <testcase classname="com.cocktailexample.cocktailexampletests.MockitoTest" name="testdeletenogarnish" time="0.651"/>
  <system-out/>
  <testcase classname="com.cocktailexample.cocktailexampletests.MockitoTest" name="testaddglass" time="0.655"/>
  <system-out/>
  <testcase classname="com.cocktailexample.cocktailexampletests.MockitoTest" name="testgetAllcocktails" time="0.657"/>
  <system-out/>
  <testcase classname="com.cocktailexample.cocktailexampletests.MockitoTest" name="testdeleteingredient" time="0.663"/>
  <system-out/>
  <testcase classname="com.cocktailexample.cocktailexampletests.MockitoTest" name="testgetAllequipment" time="0.650"/>
  <system-out/>
  <testcase classname="com.cocktailexample.cocktailexampletests.MockitoTest" name="testgetAllcocktailinstructions" time="0.657"/>
  <system-out/>
  <testcase classname="com.cocktailexample.cocktailexampletests.MockitoTest" name="testdeleteinstruction" time="0.667"/>
  <system-out/>
  <testcase classname="com.cocktailexample.cocktailexampletests.MockitoTest" name="testdeletenoingredient" time="0.652"/>
  <system-out/>
  <testcase classname="com.cocktailexample.cocktailexampletests.MockitoTest" name="testdeletecocktail" time="0.666"/>
  <system-out/>
  <testcase classname="com.cocktailexample.cocktailexampletests.MockitoTest" name="testaddcocktailinstruction" time="0.656"/>
  <system-out/>
  <testcase classname="com.cocktailexample.cocktailexampletests.MockitoTest" name="testdeleteequipment" time="0.665"/>
  <system-out/>
  <testcase classname="com.cocktailexample.cocktailexampletests.MockitoTest" name="testgetAllinstructions" time="0.665"/>
  <system-out/>
  <testcase classname="com.cocktailexample.cocktailexampletests.MockitoTest" name="testdeletecocktailinstruction" time="0.649"/>
  <system-out/>
  <testcase classname="com.cocktailexample.cocktailexampletests.MockitoTest" name="testdeletenoglass" time="0.668"/>
  <system-out/>
  <testcase classname="com.cocktailexample.cocktailexampletests.MockitoTest" name="testaddingredient" time="0.653"/>
  <system-out/>
  <testcase classname="com.cocktailexample.cocktailexampletests.MockitoTest" name="testgetAllgarnish" time="0.661"/>
  <system-out/>
  <testcase classname="com.cocktailexample.cocktailexampletests.MockitoTest" name="testgetAllingreients" time="0.662"/>
  <system-out/>
  <testcase classname="com.cocktailexample.cocktailexampletests.MockitoTest" name="testdeleteglass" time="0.665"/>
  <system-out/>
  <testcase classname="com.cocktailexample.cocktailexampletests.MockitoTest" name="testdeletenococktail" time="0.665"/>
  <system-out/>
  <testcase classname="com.cocktailexample.cocktailexampletests.MockitoTest" name="testgetAllglasses" time="0.664"/>
  <system-out/>
  <testcase classname="com.cocktailexample.cocktailexampletests.MockitoTest" name="testdeletenoinstruction" time="0.658"/>
  <system-out/>
  <testcase classname="com.cocktailexample.cocktailexampletests.MockitoTest" name="testdeletenococktailinstruction" time="0.659"/>
  <system-out/>
  <testcase classname="com.cocktailexample.cocktailexampletests.MockitoTest" name="testdeletegarnish" time="0.654"/>
  <system-out/>
  <testcase classname="com.cocktailexample.cocktailexampletests.MockitoTest" name="testaddcocktail" time="0.660"/>
  <system-out/>
  <testcase classname="com.cocktailexample.cocktailexampletests.MockitoTest" name="testaddinstruction" time="0.653"/>
  <system-out/>
</testsuite> <!-- com.cocktailexample.cocktailexampletests.MockitoTest -->
