<?xml version="1.0" encoding="UTF-8"?>
<!-- Generated by org.testng.reporters.JUnitReportReporter -->
<testsuite hostname="DESKTOP-R9GT52Q" failures="0" tests="28" name="com.cocktailexample.cocktailexampletests.MockitoTest" time="19.034" errors="0" timestamp="2022-01-10T14:30:24 GMT" skipped="0">
  <testcase classname="com.cocktailexample.cocktailexampletests.MockitoTest" name="testaddglass" time="0.674"/>
  <system-out/>
  <testcase classname="com.cocktailexample.cocktailexampletests.MockitoTest" name="testdeleteinstruction" time="0.689"/>
  <system-out/>
  <testcase classname="com.cocktailexample.cocktailexampletests.MockitoTest" name="testdeletenoingredient" time="0.670"/>
  <system-out/>
  <testcase classname="com.cocktailexample.cocktailexampletests.MockitoTest" name="testgetAllcocktails" time="0.677"/>
  <system-out/>
  <testcase classname="com.cocktailexample.cocktailexampletests.MockitoTest" name="testdeletenococktail" time="0.686"/>
  <system-out/>
  <testcase classname="com.cocktailexample.cocktailexampletests.MockitoTest" name="testgetAllgarnish" time="0.681"/>
  <system-out/>
  <testcase classname="com.cocktailexample.cocktailexampletests.MockitoTest" name="testgetAllingreients" time="0.682"/>
  <system-out/>
  <testcase classname="com.cocktailexample.cocktailexampletests.MockitoTest" name="testdeletecocktailinstruction" time="0.666"/>
  <system-out/>
  <testcase classname="com.cocktailexample.cocktailexampletests.MockitoTest" name="testgetAllinstructions" time="0.687"/>
  <system-out/>
  <testcase classname="com.cocktailexample.cocktailexampletests.MockitoTest" name="testgetAllcocktailinstructions" time="0.676"/>
  <system-out/>
  <testcase classname="com.cocktailexample.cocktailexampletests.MockitoTest" name="testgetAllequipment" time="0.667"/>
  <system-out/>
  <testcase classname="com.cocktailexample.cocktailexampletests.MockitoTest" name="testdeleteequipment" time="0.685"/>
  <system-out/>
  <testcase classname="com.cocktailexample.cocktailexampletests.MockitoTest" name="testaddcocktailinstruction" time="0.676"/>
  <system-out/>
  <testcase classname="com.cocktailexample.cocktailexampletests.MockitoTest" name="testdeletenoglass" time="0.690"/>
  <system-out/>
  <testcase classname="com.cocktailexample.cocktailexampletests.MockitoTest" name="testaddgarnish" time="0.691"/>
  <system-out/>
  <testcase classname="com.cocktailexample.cocktailexampletests.MockitoTest" name="testaddinstruction" time="0.672"/>
  <system-out/>
  <testcase classname="com.cocktailexample.cocktailexampletests.MockitoTest" name="testdeleteglass" time="0.688"/>
  <system-out/>
  <testcase classname="com.cocktailexample.cocktailexampletests.MockitoTest" name="testdeletenogarnish" time="0.669"/>
  <system-out/>
  <testcase classname="com.cocktailexample.cocktailexampletests.MockitoTest" name="testaddcocktail" time="0.680"/>
  <system-out/>
  <testcase classname="com.cocktailexample.cocktailexampletests.MockitoTest" name="testdeleteingredient" time="0.683"/>
  <system-out/>
  <testcase classname="com.cocktailexample.cocktailexampletests.MockitoTest" name="testdeletenoequipment" time="0.691"/>
  <system-out/>
  <testcase classname="com.cocktailexample.cocktailexampletests.MockitoTest" name="testdeletenoinstruction" time="0.678"/>
  <system-out/>
  <testcase classname="com.cocktailexample.cocktailexampletests.MockitoTest" name="testgetAllglasses" time="0.684"/>
  <system-out/>
  <testcase classname="com.cocktailexample.cocktailexampletests.MockitoTest" name="testaddingredient" time="0.671"/>
  <system-out/>
  <testcase classname="com.cocktailexample.cocktailexampletests.MockitoTest" name="testaddequipment" time="0.680"/>
  <system-out/>
  <testcase classname="com.cocktailexample.cocktailexampletests.MockitoTest" name="testdeletenococktailinstruction" time="0.679"/>
  <system-out/>
  <testcase classname="com.cocktailexample.cocktailexampletests.MockitoTest" name="testdeletegarnish" time="0.673"/>
  <system-out/>
  <testcase classname="com.cocktailexample.cocktailexampletests.MockitoTest" name="testdeletecocktail" time="0.689"/>
  <system-out/>
</testsuite> <!-- com.cocktailexample.cocktailexampletests.MockitoTest -->
