<?xml version="1.0" encoding="UTF-8"?>
<!-- Generated by org.testng.reporters.JUnitReportReporter -->
<testsuite hostname="DESKTOP-R9GT52Q" failures="0" tests="1" name="com.cocktailexample.cocktailexampletests.PageTest" time="3.381" errors="0" timestamp="2022-01-10T14:30:24 GMT" skipped="0">
  <testcase classname="com.cocktailexample.cocktailexampletests.PageTest" name="pagesTest" time="3.381"/>
  <system-out/>
</testsuite> <!-- com.cocktailexample.cocktailexampletests.PageTest -->
