<?xml version="1.0" encoding="UTF-8"?>
<!-- Generated by org.testng.reporters.JUnitReportReporter -->
<testsuite hostname="DESKTOP-R9GT52Q" failures="0" tests="14" name="com.cocktailexample.cocktailexampletests.MockitoTest" time="10.020" errors="0" timestamp="2022-01-07T17:08:14 GMT" skipped="0">
  <testcase classname="com.cocktailexample.cocktailexampletests.MockitoTest" name="testaddglass" time="0.713"/>
  <system-out/>
  <testcase classname="com.cocktailexample.cocktailexampletests.MockitoTest" name="testaddgarnish" time="0.722"/>
  <system-out/>
  <testcase classname="com.cocktailexample.cocktailexampletests.MockitoTest" name="testaddequipment" time="0.717"/>
  <system-out/>
  <testcase classname="com.cocktailexample.cocktailexampletests.MockitoTest" name="testgetAllgarnish" time="0.719"/>
  <system-out/>
  <testcase classname="com.cocktailexample.cocktailexampletests.MockitoTest" name="testgetAllcocktails" time="0.716"/>
  <system-out/>
  <testcase classname="com.cocktailexample.cocktailexampletests.MockitoTest" name="testaddingredient" time="0.710"/>
  <system-out/>
  <testcase classname="com.cocktailexample.cocktailexampletests.MockitoTest" name="testgetAllcocktailinstructions" time="0.715"/>
  <system-out/>
  <testcase classname="com.cocktailexample.cocktailexampletests.MockitoTest" name="testgetAllinstructions" time="0.720"/>
  <system-out/>
  <testcase classname="com.cocktailexample.cocktailexampletests.MockitoTest" name="testgetAllglasses" time="0.719"/>
  <system-out/>
  <testcase classname="com.cocktailexample.cocktailexampletests.MockitoTest" name="testaddcocktail" time="0.718"/>
  <system-out/>
  <testcase classname="com.cocktailexample.cocktailexampletests.MockitoTest" name="testaddinstruction" time="0.712"/>
  <system-out/>
  <testcase classname="com.cocktailexample.cocktailexampletests.MockitoTest" name="testgetAllequipment" time="0.706"/>
  <system-out/>
  <testcase classname="com.cocktailexample.cocktailexampletests.MockitoTest" name="testaddcocktailinstruction" time="0.714"/>
  <system-out/>
  <testcase classname="com.cocktailexample.cocktailexampletests.MockitoTest" name="testgetAllingreients" time="0.719"/>
  <system-out/>
</testsuite> <!-- com.cocktailexample.cocktailexampletests.MockitoTest -->
